<?xml version="1.0" encoding="UTF-8"?>
<!-- Generated by org.testng.reporters.JUnitReportReporter -->
<testsuite hostname="DESKTOP-5HDMOT8" failures="0" tests="1" name="AssertionHardAndSoft.InstagramLogin" time="8.968" errors="0" timestamp="2022-11-03T11:38:56 IST" skipped="0">
  <testcase classname="AssertionHardAndSoft.InstagramLogin" name="invalidLogin" time="8.968"/>
  <system-out/>
</testsuite> <!-- AssertionHardAndSoft.InstagramLogin -->
