<?xml version="1.0" encoding="UTF-8"?>
<!-- Generated by org.testng.reporters.JUnitReportReporter -->
<testsuite hostname="DESKTOP-5HDMOT8" failures="0" tests="1" name="relevel.Relevel_Parkhe" time="0.019" errors="0" timestamp="2022-11-27T15:46:15 IST" skipped="0">
  <testcase classname="relevel.Relevel_Parkhe" name="test1" time="0.019"/>
  <system-out/>
</testsuite> <!-- relevel.Relevel_Parkhe -->
