<?xml version="1.0" encoding="UTF-8"?>
<!-- Generated by org.testng.reporters.JUnitReportReporter -->
<testsuite hostname="DESKTOP-5HDMOT8" failures="0" tests="1" name="AssertionHardAndSoft.FacebookLogin" time="5.743" errors="0" timestamp="2022-11-02T14:56:09 IST" skipped="0">
  <testcase classname="AssertionHardAndSoft.FacebookLogin" name="fbEmailTextField" time="5.743"/>
  <system-out/>
</testsuite> <!-- AssertionHardAndSoft.FacebookLogin -->
